app/build/intermediates/manifest_merge_blame_file/normalRelease/processNormalReleaseMainManifest/manifest-merger-blame-normal-release-report.txt
1<?xml version="1.0" encoding="utf-8"?>
2<manifest xmlns:android="http://schemas.android.com/apk/res/android"
3    package="code.name.monkey.retromusic"
4    android:versionCode="10621"
5    android:versionName="6.2.1" >
6
7    <uses-sdk
8        android:minSdkVersion="21"
9        android:targetSdkVersion="35" />
10
11    <uses-permission android:name="com.android.vending.BILLING" />
11-->src\normal\AndroidManifest.xml:5:5-67
11-->src\normal\AndroidManifest.xml:5:22-64
12    <uses-permission
12-->src\main\AndroidManifest.xml:5:5-7:38
13        android:name="android.permission.BLUETOOTH"
13-->src\main\AndroidManifest.xml:6:9-52
14        android:maxSdkVersion="30" />
14-->src\main\AndroidManifest.xml:7:9-35
15    <uses-permission android:name="android.permission.DISABLE_KEYGUARD" />
15-->src\main\AndroidManifest.xml:8:5-75
15-->src\main\AndroidManifest.xml:8:22-72
16    <uses-permission android:name="android.permission.SCHEDULE_EXACT_ALARM" />
16-->src\main\AndroidManifest.xml:9:5-11:47
16-->src\main\AndroidManifest.xml:10:9-63
17    <uses-permission android:name="android.permission.VIBRATE" />
17-->src\main\AndroidManifest.xml:12:5-66
17-->src\main\AndroidManifest.xml:12:22-63
18    <uses-permission android:name="android.permission.WAKE_LOCK" />
18-->src\main\AndroidManifest.xml:13:5-68
18-->src\main\AndroidManifest.xml:13:22-65
19    <uses-permission
19-->src\main\AndroidManifest.xml:14:5-16:38
20        android:name="android.permission.READ_EXTERNAL_STORAGE"
20-->src\main\AndroidManifest.xml:15:9-64
21        android:maxSdkVersion="32" />
21-->src\main\AndroidManifest.xml:16:9-35
22    <uses-permission android:name="android.permission.READ_MEDIA_AUDIO" />
22-->src\main\AndroidManifest.xml:17:5-75
22-->src\main\AndroidManifest.xml:17:22-72
23    <uses-permission android:name="android.permission.POST_NOTIFICATIONS" />
23-->src\main\AndroidManifest.xml:18:5-77
23-->src\main\AndroidManifest.xml:18:22-74
24    <uses-permission
24-->src\main\AndroidManifest.xml:19:5-21:38
25        android:name="android.permission.WRITE_EXTERNAL_STORAGE"
25-->src\main\AndroidManifest.xml:20:9-65
26        android:maxSdkVersion="29" />
26-->src\main\AndroidManifest.xml:21:9-35
27    <uses-permission android:name="android.permission.INTERNET" />
27-->src\main\AndroidManifest.xml:22:5-67
27-->src\main\AndroidManifest.xml:22:22-64
28    <uses-permission android:name="android.permission.ACCESS_NETWORK_STATE" />
28-->src\main\AndroidManifest.xml:23:5-79
28-->src\main\AndroidManifest.xml:23:22-76
29    <uses-permission android:name="android.permission.BROADCAST_STICKY" />
29-->src\main\AndroidManifest.xml:24:5-75
29-->src\main\AndroidManifest.xml:24:22-72
30    <uses-permission android:name="android.permission.FOREGROUND_SERVICE" />
30-->src\main\AndroidManifest.xml:25:5-77
30-->src\main\AndroidManifest.xml:25:22-74
31    <uses-permission android:name="android.permission.FOREGROUND_SERVICE_MEDIA_PLAYBACK" />
31-->src\main\AndroidManifest.xml:26:5-92
31-->src\main\AndroidManifest.xml:26:22-89
32    <uses-permission android:name="android.permission.WRITE_SETTINGS" />
32-->src\main\AndroidManifest.xml:27:5-29:47
32-->src\main\AndroidManifest.xml:28:9-57
33    <uses-permission android:name="android.permission.USE_FULL_SCREEN_INTENT" />
33-->src\main\AndroidManifest.xml:30:5-81
33-->src\main\AndroidManifest.xml:30:22-78
34    <uses-permission
34-->src\main\AndroidManifest.xml:31:5-34:31
35        android:name="android.permission.BLUETOOTH_CONNECT"
35-->src\main\AndroidManifest.xml:32:9-60
36        android:usesPermissionFlags="neverForLocation" />
36-->src\main\AndroidManifest.xml:33:9-55
37    <!--
38    This is not that important, it's just here so that we can query equalizer package
39    and check if it's present on A11+ because of Package visibility restrictions.
40    -->
41    <queries>
41-->src\main\AndroidManifest.xml:341:5-343:15
42        <package android:name="com.android.musicfx" />
42-->src\main\AndroidManifest.xml:342:9-55
42-->src\main\AndroidManifest.xml:342:18-52
43        <package android:name="com.google.android.gms.policy_cast_dynamite" /> <!-- Query Camera Packages -->
43-->[com.google.android.gms:play-services-cast-framework:21.3.0] AndroidManifest.xml:15:9-79
43-->[com.google.android.gms:play-services-cast-framework:21.3.0] AndroidManifest.xml:15:18-76
44        <intent>
44-->[com.github.dhaval2404:imagepicker:2.1] AndroidManifest.xml:12:9-14:18
45            <action android:name="android.media.action.IMAGE_CAPTURE" />
45-->[com.github.dhaval2404:imagepicker:2.1] AndroidManifest.xml:13:13-73
45-->[com.github.dhaval2404:imagepicker:2.1] AndroidManifest.xml:13:21-70
46        </intent> <!-- Query Open Document -->
47        <intent>
47-->[com.github.dhaval2404:imagepicker:2.1] AndroidManifest.xml:16:9-18:18
48            <action android:name="android.intent.action.OPEN_DOCUMENT_TREE" />
48-->[com.github.dhaval2404:imagepicker:2.1] AndroidManifest.xml:17:13-79
48-->[com.github.dhaval2404:imagepicker:2.1] AndroidManifest.xml:17:21-76
49        </intent>
50        <intent>
50-->[com.android.billingclient:billing:7.0.0] AndroidManifest.xml:13:9-15:18
51            <action android:name="com.android.vending.billing.InAppBillingService.BIND" />
51-->[com.android.billingclient:billing:7.0.0] AndroidManifest.xml:14:13-91
51-->[com.android.billingclient:billing:7.0.0] AndroidManifest.xml:14:21-88
52        </intent>
53    </queries>
54
55    <permission
55-->[androidx.core:core:1.13.0] AndroidManifest.xml:22:5-24:47
56        android:name="code.name.monkey.retromusic.DYNAMIC_RECEIVER_NOT_EXPORTED_PERMISSION"
56-->[androidx.core:core:1.13.0] AndroidManifest.xml:23:9-81
57        android:protectionLevel="signature" />
57-->[androidx.core:core:1.13.0] AndroidManifest.xml:24:9-44
58
59    <uses-permission android:name="code.name.monkey.retromusic.DYNAMIC_RECEIVER_NOT_EXPORTED_PERMISSION" />
59-->[androidx.core:core:1.13.0] AndroidManifest.xml:26:5-97
59-->[androidx.core:core:1.13.0] AndroidManifest.xml:26:22-94
60
61    <application
61-->src\main\AndroidManifest.xml:36:5-335:19
62        android:name="code.name.monkey.retromusic.App"
62-->src\main\AndroidManifest.xml:37:9-28
63        android:allowBackup="@bool/allowBackup"
63-->src\main\AndroidManifest.xml:38:9-48
64        android:appCategory="audio"
64-->src\main\AndroidManifest.xml:39:9-36
65        android:appComponentFactory="androidx.core.app.CoreComponentFactory"
65-->[androidx.core:core:1.13.0] AndroidManifest.xml:28:18-86
66        android:configChanges="locale|layoutDirection"
66-->src\main\AndroidManifest.xml:40:9-55
67        android:enableOnBackInvokedCallback="true"
67-->src\main\AndroidManifest.xml:41:9-51
68        android:extractNativeLibs="true"
69        android:icon="@mipmap/ic_launcher"
69-->src\main\AndroidManifest.xml:42:9-43
70        android:label="@string/app_name"
70-->src\main\AndroidManifest.xml:43:9-41
71        android:localeConfig="@xml/locales_config"
71-->src\main\AndroidManifest.xml:44:9-51
72        android:requestLegacyExternalStorage="true"
72-->src\main\AndroidManifest.xml:45:9-52
73        android:restoreAnyVersion="true"
73-->src\main\AndroidManifest.xml:46:9-41
74        android:roundIcon="@mipmap/ic_launcher_round"
74-->src\main\AndroidManifest.xml:47:9-54
75        android:supportsRtl="true"
75-->src\main\AndroidManifest.xml:48:9-35
76        android:theme="@style/Theme.RetroMusic.FollowSystem"
76-->src\main\AndroidManifest.xml:49:9-61
77        android:usesCleartextTraffic="true" >
77-->src\main\AndroidManifest.xml:50:9-44
78        <activity android:name="code.name.monkey.retromusic.activities.PurchaseActivity" />
78-->src\normal\AndroidManifest.xml:8:9-65
78-->src\normal\AndroidManifest.xml:8:19-62
79
80        <meta-data
80-->src\normal\AndroidManifest.xml:10:9-12:36
81            android:name="com.android.vending.splits.required"
81-->src\normal\AndroidManifest.xml:11:13-63
82            android:value="true" />
82-->src\normal\AndroidManifest.xml:12:13-33
83
84        <!-- ChromeCast -->
85        <meta-data
85-->src\normal\AndroidManifest.xml:15:9-17:84
86            android:name="com.google.android.gms.cast.framework.OPTIONS_PROVIDER_CLASS_NAME"
86-->src\normal\AndroidManifest.xml:16:13-93
87            android:value="code.name.monkey.retromusic.cast.CastOptionsProvider" />
87-->src\normal\AndroidManifest.xml:17:13-81
88
89        <activity
89-->src\main\AndroidManifest.xml:52:9-125:20
90            android:name="code.name.monkey.retromusic.activities.MainActivity"
90-->src\main\AndroidManifest.xml:53:13-52
91            android:exported="true"
91-->src\main\AndroidManifest.xml:54:13-36
92            android:launchMode="singleTop"
92-->src\main\AndroidManifest.xml:55:13-43
93            android:theme="@style/Theme.RetroMusic.SplashScreen" >
93-->src\main\AndroidManifest.xml:56:13-65
94            <intent-filter>
94-->src\main\AndroidManifest.xml:57:13-64:29
95                <action android:name="android.intent.action.MAIN" />
95-->src\main\AndroidManifest.xml:58:17-69
95-->src\main\AndroidManifest.xml:58:25-66
96                <action android:name="android.intent.action.MUSIC_PLAYER" />
96-->src\main\AndroidManifest.xml:59:17-77
96-->src\main\AndroidManifest.xml:59:25-74
97
98                <category android:name="android.intent.category.LAUNCHER" />
98-->src\main\AndroidManifest.xml:61:17-77
98-->src\main\AndroidManifest.xml:61:27-74
99                <category android:name="android.intent.category.APP_MUSIC" />
99-->src\main\AndroidManifest.xml:62:17-78
99-->src\main\AndroidManifest.xml:62:27-75
100                <category android:name="android.intent.category.DEFAULT" />
100-->src\main\AndroidManifest.xml:63:17-76
100-->src\main\AndroidManifest.xml:63:27-73
101            </intent-filter>
102            <intent-filter>
102-->src\main\AndroidManifest.xml:65:13-68:29
103                <action android:name="android.media.action.MEDIA_PLAY_FROM_SEARCH" />
103-->src\main\AndroidManifest.xml:66:17-86
103-->src\main\AndroidManifest.xml:66:25-83
104
105                <category android:name="android.intent.category.DEFAULT" />
105-->src\main\AndroidManifest.xml:63:17-76
105-->src\main\AndroidManifest.xml:63:27-73
106            </intent-filter>
107            <intent-filter>
107-->src\main\AndroidManifest.xml:69:13-79:29
108                <action android:name="android.intent.action.VIEW" />
108-->src\main\AndroidManifest.xml:70:17-69
108-->src\main\AndroidManifest.xml:70:25-66
109
110                <category android:name="android.intent.category.DEFAULT" />
110-->src\main\AndroidManifest.xml:63:17-76
110-->src\main\AndroidManifest.xml:63:27-73
111
112                <data android:scheme="content" />
112-->src\main\AndroidManifest.xml:74:17-50
112-->src\main\AndroidManifest.xml:74:23-47
113                <data android:mimeType="audio/*" />
113-->src\main\AndroidManifest.xml:74:17-50
114                <data android:mimeType="application/ogg" />
114-->src\main\AndroidManifest.xml:74:17-50
115                <data android:mimeType="application/x-ogg" />
115-->src\main\AndroidManifest.xml:74:17-50
116                <data android:mimeType="application/itunes" />
116-->src\main\AndroidManifest.xml:74:17-50
117            </intent-filter>
118            <intent-filter>
118-->src\main\AndroidManifest.xml:80:13-90:29
119                <action android:name="android.intent.action.VIEW" />
119-->src\main\AndroidManifest.xml:70:17-69
119-->src\main\AndroidManifest.xml:70:25-66
120
121                <category android:name="android.intent.category.DEFAULT" />
121-->src\main\AndroidManifest.xml:63:17-76
121-->src\main\AndroidManifest.xml:63:27-73
122
123                <data android:scheme="file" />
123-->src\main\AndroidManifest.xml:74:17-50
123-->src\main\AndroidManifest.xml:74:23-47
124                <data android:mimeType="audio/*" />
124-->src\main\AndroidManifest.xml:74:17-50
125                <data android:mimeType="application/ogg" />
125-->src\main\AndroidManifest.xml:74:17-50
126                <data android:mimeType="application/x-ogg" />
126-->src\main\AndroidManifest.xml:74:17-50
127                <data android:mimeType="application/itunes" />
127-->src\main\AndroidManifest.xml:74:17-50
128            </intent-filter>
129            <intent-filter>
129-->src\main\AndroidManifest.xml:91:13-102:29
130                <action android:name="android.intent.action.VIEW" />
130-->src\main\AndroidManifest.xml:70:17-69
130-->src\main\AndroidManifest.xml:70:25-66
131
132                <category android:name="android.intent.category.DEFAULT" />
132-->src\main\AndroidManifest.xml:63:17-76
132-->src\main\AndroidManifest.xml:63:27-73
133                <category android:name="android.intent.category.BROWSABLE" />
133-->src\main\AndroidManifest.xml:95:17-78
133-->src\main\AndroidManifest.xml:95:27-75
134
135                <data android:scheme="http" />
135-->src\main\AndroidManifest.xml:74:17-50
135-->src\main\AndroidManifest.xml:74:23-47
136                <data android:mimeType="audio/*" />
136-->src\main\AndroidManifest.xml:74:17-50
137                <data android:mimeType="application/ogg" />
137-->src\main\AndroidManifest.xml:74:17-50
138                <data android:mimeType="application/x-ogg" />
138-->src\main\AndroidManifest.xml:74:17-50
139                <data android:mimeType="application/itunes" />
139-->src\main\AndroidManifest.xml:74:17-50
140            </intent-filter>
141            <intent-filter>
141-->src\main\AndroidManifest.xml:103:13-111:29
142                <action android:name="android.intent.action.VIEW" />
142-->src\main\AndroidManifest.xml:70:17-69
142-->src\main\AndroidManifest.xml:70:25-66
143
144                <category android:name="android.intent.category.DEFAULT" />
144-->src\main\AndroidManifest.xml:63:17-76
144-->src\main\AndroidManifest.xml:63:27-73
145
146                <data android:mimeType="vnd.android.cursor.dir/playlist" />
146-->src\main\AndroidManifest.xml:74:17-50
147                <data android:mimeType="vnd.android.cursor.dir/albums" />
147-->src\main\AndroidManifest.xml:74:17-50
148                <data android:mimeType="vnd.android.cursor.dir/artists" />
148-->src\main\AndroidManifest.xml:74:17-50
149            </intent-filter>
150            <intent-filter>
150-->src\main\AndroidManifest.xml:112:13-116:29
151                <action android:name="com.cyanogenmod.eleven.AUDIO_PLAYER" />
151-->src\main\AndroidManifest.xml:113:17-78
151-->src\main\AndroidManifest.xml:113:25-75
152
153                <category android:name="android.intent.category.DEFAULT" />
153-->src\main\AndroidManifest.xml:63:17-76
153-->src\main\AndroidManifest.xml:63:27-73
154            </intent-filter>
155            <intent-filter>
155-->src\main\AndroidManifest.xml:117:13-124:29
156                <action android:name="android.intent.action.PICK" />
156-->src\main\AndroidManifest.xml:118:17-69
156-->src\main\AndroidManifest.xml:118:25-66
157
158                <category android:name="android.intent.category.DEFAULT" />
158-->src\main\AndroidManifest.xml:63:17-76
158-->src\main\AndroidManifest.xml:63:27-73
159                <category android:name="android.intent.category.OPENABLE" />
159-->src\main\AndroidManifest.xml:121:17-77
159-->src\main\AndroidManifest.xml:121:27-74
160
161                <data android:mimeType="vnd.android.cursor.dir/audio" />
161-->src\main\AndroidManifest.xml:74:17-50
162            </intent-filter>
163        </activity>
164        <activity android:name="code.name.monkey.retromusic.activities.tageditor.AlbumTagEditorActivity" />
164-->src\main\AndroidManifest.xml:126:9-81
164-->src\main\AndroidManifest.xml:126:19-78
165        <activity android:name="code.name.monkey.retromusic.activities.tageditor.SongTagEditorActivity" />
165-->src\main\AndroidManifest.xml:127:9-80
165-->src\main\AndroidManifest.xml:127:19-77
166        <activity android:name="code.name.monkey.retromusic.activities.SupportDevelopmentActivity" />
166-->src\main\AndroidManifest.xml:128:9-75
166-->src\main\AndroidManifest.xml:128:19-72
167        <activity android:name="code.name.monkey.retromusic.activities.LicenseActivity" />
167-->src\main\AndroidManifest.xml:129:9-64
167-->src\main\AndroidManifest.xml:129:19-61
168        <activity android:name="code.name.monkey.retromusic.activities.bugreport.BugReportActivity" />
168-->src\main\AndroidManifest.xml:130:9-76
168-->src\main\AndroidManifest.xml:130:19-73
169        <activity android:name="code.name.monkey.retromusic.activities.ShareInstagramStory" />
169-->src\main\AndroidManifest.xml:131:9-68
169-->src\main\AndroidManifest.xml:131:19-65
170        <activity android:name="code.name.monkey.retromusic.activities.DriveModeActivity" />
170-->src\main\AndroidManifest.xml:132:9-66
170-->src\main\AndroidManifest.xml:132:19-63
171        <activity android:name="code.name.monkey.retromusic.activities.PermissionActivity" />
171-->src\main\AndroidManifest.xml:133:9-67
171-->src\main\AndroidManifest.xml:133:19-64
172        <activity
172-->src\main\AndroidManifest.xml:134:9-138:47
173            android:name="code.name.monkey.retromusic.activities.LockScreenActivity"
173-->src\main\AndroidManifest.xml:135:13-58
174            android:excludeFromRecents="true"
174-->src\main\AndroidManifest.xml:136:13-46
175            android:launchMode="singleTask"
175-->src\main\AndroidManifest.xml:137:13-44
176            android:showOnLockScreen="true" />
176-->src\main\AndroidManifest.xml:138:13-44
177        <activity
177-->src\main\AndroidManifest.xml:139:9-174:20
178            android:name="code.name.monkey.retromusic.fragments.backup.RestoreActivity"
178-->src\main\AndroidManifest.xml:140:13-61
179            android:excludeFromRecents="false"
179-->src\main\AndroidManifest.xml:141:13-47
180            android:exported="true"
180-->src\main\AndroidManifest.xml:142:13-36
181            android:label="@string/restore"
181-->src\main\AndroidManifest.xml:143:13-44
182            android:theme="@style/Theme.RetroMusic.Dialog" >
182-->src\main\AndroidManifest.xml:144:13-59
183            <intent-filter>
183-->src\main\AndroidManifest.xml:145:13-173:29
184                <action android:name="android.intent.action.VIEW" />
184-->src\main\AndroidManifest.xml:70:17-69
184-->src\main\AndroidManifest.xml:70:25-66
185
186                <category android:name="android.intent.category.DEFAULT" />
186-->src\main\AndroidManifest.xml:63:17-76
186-->src\main\AndroidManifest.xml:63:27-73
187                <category android:name="android.intent.category.BROWSABLE" />
187-->src\main\AndroidManifest.xml:95:17-78
187-->src\main\AndroidManifest.xml:95:27-75
188
189                <data android:mimeType="application/octet-stream" />
189-->src\main\AndroidManifest.xml:74:17-50
190                <data android:mimeType="application/x-zip-compressed" />
190-->src\main\AndroidManifest.xml:74:17-50
191                <data android:mimeType="application/zip" />
191-->src\main\AndroidManifest.xml:74:17-50
192                <data android:scheme="file" />
192-->src\main\AndroidManifest.xml:74:17-50
192-->src\main\AndroidManifest.xml:74:23-47
193                <data android:scheme="content" />
193-->src\main\AndroidManifest.xml:74:17-50
193-->src\main\AndroidManifest.xml:74:23-47
194                <data android:mimeType="*/*" />
194-->src\main\AndroidManifest.xml:74:17-50
195                <!--
196                    Work around Android's ugly primitive PatternMatcher
197                    implementation that can't cope with finding a . early in
198                    the path unless it's explicitly matched.
199                -->
200                <data android:host="*" />
200-->src\main\AndroidManifest.xml:74:17-50
201                <data android:pathPattern=".*\\.rmbak" />
201-->src\main\AndroidManifest.xml:74:17-50
202                <data android:pathPattern=".*\\..*\\.rmbak" />
202-->src\main\AndroidManifest.xml:74:17-50
203                <data android:pathPattern=".*\\..*\\..*\\.rmbak" />
203-->src\main\AndroidManifest.xml:74:17-50
204                <data android:pathPattern=".*\\..*\\..*\\..*\\.rmbak" />
204-->src\main\AndroidManifest.xml:74:17-50
205                <data android:pathPattern=".*\\..*\\..*\\..*\\..*\\.rmbak" />
205-->src\main\AndroidManifest.xml:74:17-50
206                <data android:pathPattern=".*\\..*\\..*\\..*\\..*\\..*\\.rmbak" />
206-->src\main\AndroidManifest.xml:74:17-50
207                <data android:pathPattern=".*\\..*\\..*\\..*\\..*\\..*\\..*\\.rmbak" />
207-->src\main\AndroidManifest.xml:74:17-50
208                <data android:pathPattern=".*\\..*\\..*\\..*\\..*\\..*\\..*\\..*\\.rmbak" />
208-->src\main\AndroidManifest.xml:74:17-50
209                <data android:pathPattern=".*\\..*\\..*\\..*\\..*\\..*\\..*\\..*\\..*\\.rmbak" />
209-->src\main\AndroidManifest.xml:74:17-50
210            </intent-filter>
211        </activity>
212        <activity
212-->src\main\AndroidManifest.xml:176:9-179:75
213            android:name="code.name.monkey.retromusic.appshortcuts.AppShortcutLauncherActivity"
213-->src\main\AndroidManifest.xml:177:13-69
214            android:launchMode="singleInstance"
214-->src\main\AndroidManifest.xml:178:13-48
215            android:theme="@android:style/Theme.Translucent.NoTitleBar" />
215-->src\main\AndroidManifest.xml:179:13-72
216        <activity
216-->src\main\AndroidManifest.xml:181:9-183:50
217            android:name="code.name.monkey.retromusic.activities.saf.SAFGuideActivity"
217-->src\main\AndroidManifest.xml:182:13-60
218            android:theme="@style/Theme.Intro" />
218-->src\main\AndroidManifest.xml:183:13-47
219        <activity
219-->src\main\AndroidManifest.xml:185:9-191:20
220            android:name="code.name.monkey.retromusic.activities.ErrorActivity"
220-->src\main\AndroidManifest.xml:186:13-53
221            android:exported="true" >
221-->src\main\AndroidManifest.xml:187:13-36
222            <intent-filter>
222-->src\main\AndroidManifest.xml:188:13-190:29
223                <action android:name="cat.ereza.customactivityoncrash.RESTART" />
223-->src\main\AndroidManifest.xml:189:17-82
223-->src\main\AndroidManifest.xml:189:25-79
224            </intent-filter>
225        </activity>
226
227        <provider
228            android:name="androidx.core.content.FileProvider"
229            android:authorities="code.name.monkey.retromusic"
230            android:exported="false"
231            android:grantUriPermissions="true" >
232            <meta-data
232-->[com.github.dhaval2404:imagepicker:2.1] AndroidManifest.xml:36:13-38:71
233                android:name="android.support.FILE_PROVIDER_PATHS"
233-->[com.github.dhaval2404:imagepicker:2.1] AndroidManifest.xml:37:17-67
234                android:resource="@xml/provider_paths" />
234-->[com.github.dhaval2404:imagepicker:2.1] AndroidManifest.xml:38:17-68
235        </provider>
236
237        <receiver
237-->src\main\AndroidManifest.xml:203:9-209:20
238            android:name="code.name.monkey.retromusic.service.MediaButtonIntentReceiver"
238-->src\main\AndroidManifest.xml:204:13-62
239            android:exported="true" >
239-->src\main\AndroidManifest.xml:205:13-36
240            <intent-filter>
240-->src\main\AndroidManifest.xml:206:13-208:29
241                <action android:name="android.intent.action.MEDIA_BUTTON" />
241-->src\main\AndroidManifest.xml:207:17-77
241-->src\main\AndroidManifest.xml:207:25-74
242            </intent-filter>
243        </receiver>
244        <receiver
244-->src\main\AndroidManifest.xml:211:9-222:20
245            android:name="code.name.monkey.retromusic.appwidgets.AppWidgetBig"
245-->src\main\AndroidManifest.xml:212:13-52
246            android:exported="true"
246-->src\main\AndroidManifest.xml:213:13-36
247            android:label="@string/app_widget_big_name" >
247-->src\main\AndroidManifest.xml:214:13-56
248            <intent-filter>
248-->src\main\AndroidManifest.xml:215:13-217:29
249                <action android:name="android.appwidget.action.APPWIDGET_UPDATE" />
249-->src\main\AndroidManifest.xml:216:17-84
249-->src\main\AndroidManifest.xml:216:25-81
250            </intent-filter>
251
252            <meta-data
252-->src\main\AndroidManifest.xml:219:13-221:63
253                android:name="android.appwidget.provider"
253-->src\main\AndroidManifest.xml:220:17-58
254                android:resource="@xml/app_widget_big_info" />
254-->src\main\AndroidManifest.xml:221:17-60
255        </receiver>
256        <receiver
256-->src\main\AndroidManifest.xml:224:9-235:20
257            android:name="code.name.monkey.retromusic.appwidgets.AppWidgetClassic"
257-->src\main\AndroidManifest.xml:225:13-56
258            android:exported="true"
258-->src\main\AndroidManifest.xml:226:13-36
259            android:label="@string/app_widget_classic_name" >
259-->src\main\AndroidManifest.xml:227:13-60
260            <intent-filter>
260-->src\main\AndroidManifest.xml:215:13-217:29
261                <action android:name="android.appwidget.action.APPWIDGET_UPDATE" />
261-->src\main\AndroidManifest.xml:216:17-84
261-->src\main\AndroidManifest.xml:216:25-81
262            </intent-filter>
263
264            <meta-data
264-->src\main\AndroidManifest.xml:219:13-221:63
265                android:name="android.appwidget.provider"
265-->src\main\AndroidManifest.xml:220:17-58
266                android:resource="@xml/app_widget_classic_info" />
266-->src\main\AndroidManifest.xml:221:17-60
267        </receiver>
268        <receiver
268-->src\main\AndroidManifest.xml:236:9-247:20
269            android:name="code.name.monkey.retromusic.appwidgets.AppWidgetSmall"
269-->src\main\AndroidManifest.xml:237:13-54
270            android:exported="true"
270-->src\main\AndroidManifest.xml:238:13-36
271            android:label="@string/app_widget_small_name" >
271-->src\main\AndroidManifest.xml:239:13-58
272            <intent-filter>
272-->src\main\AndroidManifest.xml:215:13-217:29
273                <action android:name="android.appwidget.action.APPWIDGET_UPDATE" />
273-->src\main\AndroidManifest.xml:216:17-84
273-->src\main\AndroidManifest.xml:216:25-81
274            </intent-filter>
275
276            <meta-data
276-->src\main\AndroidManifest.xml:219:13-221:63
277                android:name="android.appwidget.provider"
277-->src\main\AndroidManifest.xml:220:17-58
278                android:resource="@xml/app_widget_small_info" />
278-->src\main\AndroidManifest.xml:221:17-60
279        </receiver>
280        <receiver
280-->src\main\AndroidManifest.xml:248:9-259:20
281            android:name="code.name.monkey.retromusic.appwidgets.AppWidgetText"
281-->src\main\AndroidManifest.xml:249:13-53
282            android:exported="true"
282-->src\main\AndroidManifest.xml:250:13-36
283            android:label="@string/app_widget_text_name" >
283-->src\main\AndroidManifest.xml:251:13-57
284            <intent-filter>
284-->src\main\AndroidManifest.xml:215:13-217:29
285                <action android:name="android.appwidget.action.APPWIDGET_UPDATE" />
285-->src\main\AndroidManifest.xml:216:17-84
285-->src\main\AndroidManifest.xml:216:25-81
286            </intent-filter>
287
288            <meta-data
288-->src\main\AndroidManifest.xml:219:13-221:63
289                android:name="android.appwidget.provider"
289-->src\main\AndroidManifest.xml:220:17-58
290                android:resource="@xml/app_widget_text" />
290-->src\main\AndroidManifest.xml:221:17-60
291        </receiver>
292        <receiver
292-->src\main\AndroidManifest.xml:260:9-271:20
293            android:name="code.name.monkey.retromusic.appwidgets.AppWidgetCard"
293-->src\main\AndroidManifest.xml:261:13-53
294            android:exported="true"
294-->src\main\AndroidManifest.xml:262:13-36
295            android:label="@string/app_widget_card_name" >
295-->src\main\AndroidManifest.xml:263:13-57
296            <intent-filter>
296-->src\main\AndroidManifest.xml:215:13-217:29
297                <action android:name="android.appwidget.action.APPWIDGET_UPDATE" />
297-->src\main\AndroidManifest.xml:216:17-84
297-->src\main\AndroidManifest.xml:216:25-81
298            </intent-filter>
299
300            <meta-data
300-->src\main\AndroidManifest.xml:219:13-221:63
301                android:name="android.appwidget.provider"
301-->src\main\AndroidManifest.xml:220:17-58
302                android:resource="@xml/app_widget_card_info" />
302-->src\main\AndroidManifest.xml:221:17-60
303        </receiver>
304        <receiver
304-->src\main\AndroidManifest.xml:272:9-283:20
305            android:name="code.name.monkey.retromusic.appwidgets.AppWidgetMD3"
305-->src\main\AndroidManifest.xml:273:13-52
306            android:exported="true"
306-->src\main\AndroidManifest.xml:274:13-36
307            android:label="@string/app_widget_md3_name" >
307-->src\main\AndroidManifest.xml:275:13-56
308            <intent-filter>
308-->src\main\AndroidManifest.xml:215:13-217:29
309                <action android:name="android.appwidget.action.APPWIDGET_UPDATE" />
309-->src\main\AndroidManifest.xml:216:17-84
309-->src\main\AndroidManifest.xml:216:25-81
310            </intent-filter>
311
312            <meta-data
312-->src\main\AndroidManifest.xml:219:13-221:63
313                android:name="android.appwidget.provider"
313-->src\main\AndroidManifest.xml:220:17-58
314                android:resource="@xml/app_widget_md3_info" />
314-->src\main\AndroidManifest.xml:221:17-60
315        </receiver>
316        <receiver
316-->src\main\AndroidManifest.xml:284:9-295:20
317            android:name="code.name.monkey.retromusic.appwidgets.AppWidgetCircle"
317-->src\main\AndroidManifest.xml:285:13-55
318            android:exported="true"
318-->src\main\AndroidManifest.xml:286:13-36
319            android:label="@string/app_widget_circle_name" >
319-->src\main\AndroidManifest.xml:287:13-59
320            <intent-filter>
320-->src\main\AndroidManifest.xml:215:13-217:29